{
  "RSpec": {
    "coverage": {
      "/Users/jameshughes/MakersAcademy/Projects/Week8/battleships/spec/board_spec.rb": [
        1,
        null,
        1,
        3,
        null,
        1,
        1,
        1,
        null,
        null,
        1,
        1,
        null,
        null,
        null,
        null
      ],
      "/Users/jameshughes/MakersAcademy/Projects/Week8/battleships/lib/board.rb": [
        1,
        null,
        1,
        null,
        1,
        88,
        null,
        null,
        1,
        22,
        null,
        null,
        1,
        2,
        1,
        null,
        1,
        null,
        null,
        null,
        null
      ],
      "/Users/jameshughes/MakersAcademy/Projects/Week8/battleships/spec/game_spec.rb": [
        1,
        null,
        1,
        4,
        null,
        1,
        1,
        1,
        1,
        1,
        null,
        null,
        1,
        1,
        1,
        1,
        null,
        null,
        1,
        1,
        1,
        1,
        null,
        null,
        null,
        null
      ],
      "/Users/jameshughes/MakersAcademy/Projects/Week8/battleships/lib/game.rb": [
        1,
        null,
        1,
        null,
        1,
        null,
        1,
        3,
        null,
        null,
        1,
        1,
        0,
        1,
        0,
        null,
        1,
        1,
        null,
        null,
        null,
        1,
        2,
        null,
        null,
        1,
        2,
        null,
        null,
        null,
        null,
        null,
        null,
        null,
        null,
        null,
        null,
        null,
        null,
        null,
        null,
        null,
        null,
        null,
        null,
        null,
        null,
        null,
        null,
        null,
        null,
        null,
        null
      ]
    },
    "timestamp": 1510790945
  }
}
